<?xml version="1.0" encoding="UTF-8"?>
<!-- Generated by org.testng.reporters.JUnitReportReporter -->
<testsuite skipped="0" hostname="m-PC" name="com.crm.qa.testcases.LoginPageTest" tests="3" failures="0" timestamp="2020-05-25T19:24:56 IST" time="38.688" errors="0">
  <testcase name="loginPageTitleTest" time="9.499" classname="com.crm.qa.testcases.LoginPageTest"/>
  <system-out/>
  <testcase name="CrmLogoDisplayed" time="16.460" classname="com.crm.qa.testcases.LoginPageTest"/>
  <system-out/>
  <testcase name="login" time="12.729" classname="com.crm.qa.testcases.LoginPageTest"/>
  <system-out/>
</testsuite> <!-- com.crm.qa.testcases.LoginPageTest -->
