<?xml version="1.0" encoding="UTF-8"?>
<!-- Generated by org.testng.reporters.JUnitReportReporter -->
<testsuite skipped="0" hostname="m-PC" name="com.crm.qa.testcases.LoginPageTest" tests="3" failures="0" timestamp="23 May 2020 14:37:45 GMT" time="67.529" errors="0">
  <testcase name="loginPageTitleTest" time="33.776" classname="com.crm.qa.testcases.LoginPageTest"/>
  <testcase name="CrmLogoDisplayed" time="19.050" classname="com.crm.qa.testcases.LoginPageTest"/>
  <testcase name="login" time="14.703" classname="com.crm.qa.testcases.LoginPageTest"/>
</testsuite> <!-- com.crm.qa.testcases.LoginPageTest -->
